<?xml version="1.0" encoding="UTF-8"?>
<!-- Generated by org.testng.reporters.JUnitReportReporter -->
<testsuite hostname="JOBITO" failures="0" tests="9" name="automationPractice.testNGDemo" time="3.050" errors="1" timestamp="2023-09-20T06:41:27 IST" skipped="8">
  <testcase classname="automationPractice.testNGDemo" name="validateUsers" time="0.000">
    <skipped/>
  </testcase> <!-- validateUsers -->
  <testcase classname="automationPractice.testNGDemo" name="validateUsers" time="0.000">
    <skipped/>
  </testcase> <!-- validateUsers -->
  <testcase classname="automationPractice.testNGDemo" name="validateUsers" time="0.001">
    <skipped/>
  </testcase> <!-- validateUsers -->
  <testcase classname="automationPractice.testNGDemo" name="initiateBrowser" time="3.049">
    <error message="unknown error: Chrome failed to start: exited normally.
  (unknown error: DevToolsActivePort file doesn&#039;t exist)
  (The process started from chrome location C:\Program Files\Google\Chrome\Application\chrome.exe is no longer running, so ChromeDriver is assuming that Chrome has crashed.)
Build info: version: &#039;3.141.59&#039;, revision: &#039;e82be7d358&#039;, time: &#039;2018-11-14T08:17:03&#039;
System info: host: &#039;JOBITO&#039;, ip: &#039;192.168.1.15&#039;, os.name: &#039;Windows 11&#039;, os.arch: &#039;amd64&#039;, os.version: &#039;10.0&#039;, java.version: &#039;19.0.1&#039;
Driver info: driver.version: ChromeDriver
remote stacktrace: 	GetHandleVerifier [0x00007FF661B752A2+57122]
	(No symbol) [0x00007FF661AEEA92]
	(No symbol) [0x00007FF6619BE3AB]
	(No symbol) [0x00007FF6619E6B1F]
	(No symbol) [0x00007FF6619E2FE1]
	(No symbol) [0x00007FF661A1EA4F]
	(No symbol) [0x00007FF661A1E5B0]
	(No symbol) [0x00007FF661A16DB3]
	(No symbol) [0x00007FF6619ED2B1]
	(No symbol) [0x00007FF6619EE494]
	GetHandleVerifier [0x00007FF661E1EF82+2849794]
	GetHandleVerifier [0x00007FF661E71D24+3189156]
	GetHandleVerifier [0x00007FF661E6ACAF+3160367]
	GetHandleVerifier [0x00007FF661C06D06+653702]
	(No symbol) [0x00007FF661AFA208]
	(No symbol) [0x00007FF661AF62C4]
	(No symbol) [0x00007FF661AF63F6]
	(No symbol) [0x00007FF661AE67A3]
	BaseThreadInitThunk [0x00007FF87D50257D+29]
	RtlUserThreadStart [0x00007FF87F70AA68+40]
" type="org.openqa.selenium.WebDriverException">
      <![CDATA[org.openqa.selenium.WebDriverException: unknown error: Chrome failed to start: exited normally.
  (unknown error: DevToolsActivePort file doesn't exist)
  (The process started from chrome location C:\Program Files\Google\Chrome\Application\chrome.exe is no longer running, so ChromeDriver is assuming that Chrome has crashed.)
Build info: version: '3.141.59', revision: 'e82be7d358', time: '2018-11-14T08:17:03'
System info: host: 'JOBITO', ip: '192.168.1.15', os.name: 'Windows 11', os.arch: 'amd64', os.version: '10.0', java.version: '19.0.1'
Driver info: driver.version: ChromeDriver
remote stacktrace: GetHandleVerifier [0x00007FF661B752A2+57122]
(No symbol) [0x00007FF661AEEA92]
(No symbol) [0x00007FF6619BE3AB]
(No symbol) [0x00007FF6619E6B1F]
(No symbol) [0x00007FF6619E2FE1]
(No symbol) [0x00007FF661A1EA4F]
(No symbol) [0x00007FF661A1E5B0]
(No symbol) [0x00007FF661A16DB3]
(No symbol) [0x00007FF6619ED2B1]
(No symbol) [0x00007FF6619EE494]
GetHandleVerifier [0x00007FF661E1EF82+2849794]
GetHandleVerifier [0x00007FF661E71D24+3189156]
GetHandleVerifier [0x00007FF661E6ACAF+3160367]
GetHandleVerifier [0x00007FF661C06D06+653702]
(No symbol) [0x00007FF661AFA208]
(No symbol) [0x00007FF661AF62C4]
(No symbol) [0x00007FF661AF63F6]
(No symbol) [0x00007FF661AE67A3]
BaseThreadInitThunk [0x00007FF87D50257D+29]
RtlUserThreadStart [0x00007FF87F70AA68+40]

at java.base/jdk.internal.reflect.DirectConstructorHandleAccessor.newInstance(DirectConstructorHandleAccessor.java:67)
at java.base/java.lang.reflect.Constructor.newInstanceWithCaller(Constructor.java:500)
at java.base/java.lang.reflect.Constructor.newInstance(Constructor.java:484)
at org.openqa.selenium.remote.W3CHandshakeResponse.lambda$errorHandler$0(W3CHandshakeResponse.java:62)
at org.openqa.selenium.remote.HandshakeResponse.lambda$getResponseFunction$0(HandshakeResponse.java:30)
at org.openqa.selenium.remote.ProtocolHandshake.lambda$createSession$0(ProtocolHandshake.java:126)
at java.base/java.util.stream.ReferencePipeline$3$1.accept(ReferencePipeline.java:197)
at java.base/java.util.Spliterators$ArraySpliterator.tryAdvance(Spliterators.java:1016)
at java.base/java.util.stream.ReferencePipeline.forEachWithCancel(ReferencePipeline.java:129)
at java.base/java.util.stream.AbstractPipeline.copyIntoWithCancel(AbstractPipeline.java:527)
at java.base/java.util.stream.AbstractPipeline.copyInto(AbstractPipeline.java:513)
at java.base/java.util.stream.AbstractPipeline.wrapAndCopyInto(AbstractPipeline.java:499)
at java.base/java.util.stream.FindOps$FindOp.evaluateSequential(FindOps.java:150)
at java.base/java.util.stream.AbstractPipeline.evaluate(AbstractPipeline.java:234)
at java.base/java.util.stream.ReferencePipeline.findFirst(ReferencePipeline.java:647)
at org.openqa.selenium.remote.ProtocolHandshake.createSession(ProtocolHandshake.java:128)
at org.openqa.selenium.remote.ProtocolHandshake.createSession(ProtocolHandshake.java:74)
at org.openqa.selenium.remote.HttpCommandExecutor.execute(HttpCommandExecutor.java:136)
at org.openqa.selenium.remote.service.DriverCommandExecutor.execute(DriverCommandExecutor.java:83)
at org.openqa.selenium.remote.RemoteWebDriver.execute(RemoteWebDriver.java:552)
at org.openqa.selenium.remote.RemoteWebDriver.startSession(RemoteWebDriver.java:213)
at org.openqa.selenium.remote.RemoteWebDriver.<init>(RemoteWebDriver.java:131)
at org.openqa.selenium.chrome.ChromeDriver.<init>(ChromeDriver.java:181)
at org.openqa.selenium.chrome.ChromeDriver.<init>(ChromeDriver.java:168)
at org.openqa.selenium.chrome.ChromeDriver.<init>(ChromeDriver.java:123)
at automationPractice.testNGDemo.initiateBrowser(testNGDemo.java:25)
at java.base/jdk.internal.reflect.DirectMethodHandleAccessor.invoke(DirectMethodHandleAccessor.java:104)
at java.base/java.lang.reflect.Method.invoke(Method.java:578)
at org.testng.internal.invokers.MethodInvocationHelper.invokeMethod(MethodInvocationHelper.java:139)
at org.testng.internal.invokers.MethodInvocationHelper.invokeMethodConsideringTimeout(MethodInvocationHelper.java:69)
at org.testng.internal.invokers.ConfigInvoker.invokeConfigurationMethod(ConfigInvoker.java:390)
at org.testng.internal.invokers.ConfigInvoker.invokeConfigurations(ConfigInvoker.java:325)
at org.testng.internal.invokers.TestInvoker.runConfigMethods(TestInvoker.java:810)
at org.testng.internal.invokers.TestInvoker.invokeMethod(TestInvoker.java:577)
at org.testng.internal.invokers.TestInvoker.invokeTestMethod(TestInvoker.java:227)
at org.testng.internal.invokers.MethodRunner.runInSequence(MethodRunner.java:50)
at org.testng.internal.invokers.TestInvoker$MethodInvocationAgent.invoke(TestInvoker.java:957)
at org.testng.internal.invokers.TestInvoker.invokeTestMethods(TestInvoker.java:200)
at org.testng.internal.invokers.TestMethodWorker.invokeTestMethods(TestMethodWorker.java:148)
at org.testng.internal.invokers.TestMethodWorker.run(TestMethodWorker.java:128)
at java.base/java.util.ArrayList.forEach(ArrayList.java:1511)
at org.testng.TestRunner.privateRun(TestRunner.java:848)
at org.testng.TestRunner.run(TestRunner.java:621)
at org.testng.SuiteRunner.runTest(SuiteRunner.java:443)
at org.testng.SuiteRunner.runSequentially(SuiteRunner.java:437)
at org.testng.SuiteRunner.privateRun(SuiteRunner.java:397)
at org.testng.SuiteRunner.run(SuiteRunner.java:336)
at org.testng.SuiteRunnerWorker.runSuite(SuiteRunnerWorker.java:52)
at org.testng.SuiteRunnerWorker.run(SuiteRunnerWorker.java:95)
at org.testng.TestNG.runSuitesSequentially(TestNG.java:1280)
at org.testng.TestNG.runSuitesLocally(TestNG.java:1200)
at org.testng.TestNG.runSuites(TestNG.java:1114)
at org.testng.TestNG.run(TestNG.java:1082)
at org.testng.remote.AbstractRemoteTestNG.run(AbstractRemoteTestNG.java:115)
at org.testng.remote.RemoteTestNG.initAndRun(RemoteTestNG.java:251)
at org.testng.remote.RemoteTestNG.main(RemoteTestNG.java:77)
]]>
    </error>
  </testcase> <!-- initiateBrowser -->
  <testcase classname="automationPractice.testNGDemo" name="validateUsers" time="0.000">
    <skipped/>
  </testcase> <!-- validateUsers -->
  <testcase classname="automationPractice.testNGDemo" name="validateUsers" time="0.000">
    <skipped/>
  </testcase> <!-- validateUsers -->
  <testcase classname="automationPractice.testNGDemo" name="validateUsers" time="0.000">
    <skipped/>
  </testcase> <!-- validateUsers -->
  <testcase classname="automationPractice.testNGDemo" name="validateUsers" time="0.000">
    <skipped/>
  </testcase> <!-- validateUsers -->
  <testcase classname="automationPractice.testNGDemo" name="validateUsers" time="0.000">
    <skipped/>
  </testcase> <!-- validateUsers -->
</testsuite> <!-- automationPractice.testNGDemo -->
